Build started 27/09/2012 3:24:49 PM.
     1>Project "D:\Github\ICT207Game\src\houses.vcxproj" on node 2 (build target(s)).
     1>InitializeBuildStatus:
         Creating ".\Debug\houses.unsuccessfulbuild" because "AlwaysCreate" was specified.
       ClCompile:
         All outputs are up-to-date.
       ManifestResourceCompile:
         All outputs are up-to-date.
       Link:
         All outputs are up-to-date.
       Manifest:
         All outputs are up-to-date.
       BscMake:
         All outputs are up-to-date.
       FinalizeBuildStatus:
         Deleting file ".\Debug\houses.unsuccessfulbuild".
         Touching ".\Debug\houses.lastbuildstate".
     1>Done Building Project "D:\Github\ICT207Game\src\houses.vcxproj" (build target(s)).

Build succeeded.

Time Elapsed 00:00:00.18
